#
# There is insufficient memory for the Java Runtime Environment to continue.
# Native memory allocation (mmap) failed to map 268435456 bytes for G1 virtual space
# Possible reasons:
#   The system is out of physical RAM or swap space
#   The process is running with CompressedOops enabled, and the Java Heap may be blocking the growth of the native heap
# Possible solutions:
#   Reduce memory load on the system
#   Increase physical memory or swap space
#   Check if swap backing store is full
#   Decrease Java heap size (-Xmx/-Xms)
#   Decrease number of Java threads
#   Decrease Java thread stack sizes (-Xss)
#   Set larger code cache with -XX:ReservedCodeCacheSize=
#   JVM is running with Zero Based Compressed Oops mode in which the Java heap is
#     placed in the first 32GB address space. The Java Heap base address is the
#     maximum limit for the native heap growth. Please use -XX:HeapBaseMinAddress
#     to set the Java Heap base and to place the Java Heap above 32GB virtual address.
# This output file may be truncated or incomplete.
#
#  Out of Memory Error (os_windows.cpp:3535), pid=12436, tid=8452
#
# JRE version:  (17.0.4.1+1) (build )
# Java VM: Java HotSpot(TM) 64-Bit Server VM (17.0.4.1+1-LTS-2, mixed mode, sharing, tiered, compressed oops, compressed class ptrs, g1 gc, windows-amd64)
# No core dump will be written. Minidumps are not enabled by default on client versions of Windows
#

---------------  S U M M A R Y ------------

Command Line: -Dfile.encoding=UTF-8 -XX:+ShowCodeDetailsInExceptionMessages vista.MenuJugador

Host: Intel(R) Core(TM) i5-8400 CPU @ 2.80GHz, 6 cores, 15G,  Windows 10 , 64 bit Build 19041 (10.0.19041.2913)
Time: Tue May 16 12:03:20 2023 Hora de verano de Siria elapsed time: 0.113667 seconds (0d 0h 0m 0s)

---------------  T H R E A D  ---------------

Current thread (0x000001d4ee96d2e0):  JavaThread "Unknown thread" [_thread_in_vm, id=8452, stack(0x000000b551c00000,0x000000b551d00000)]

Stack: [0x000000b551c00000,0x000000b551d00000]
Native frames: (J=compiled Java code, j=interpreted, Vv=VM code, C=native code)
V  [jvm.dll+0x6723ba]
V  [jvm.dll+0x7d1e34]
V  [jvm.dll+0x7d35de]
V  [jvm.dll+0x7d3c43]
V  [jvm.dll+0x243065]
V  [jvm.dll+0x66f2d9]
V  [jvm.dll+0x663c22]
V  [jvm.dll+0x3011cb]
V  [jvm.dll+0x308766]
V  [jvm.dll+0x35846e]
V  [jvm.dll+0x35869f]
V  [jvm.dll+0x2d83e8]
V  [jvm.dll+0x2d9354]
V  [jvm.dll+0x7a3911]
V  [jvm.dll+0x3662c1]
V  [jvm.dll+0x782d7c]
V  [jvm.dll+0x3e8c1f]
V  [jvm.dll+0x3ea6c1]
C  [jli.dll+0x527b]
C  [ucrtbase.dll+0x21bb2]
C  [KERNEL32.DLL+0x17614]
C  [ntdll.dll+0x526a1]


---------------  P R O C E S S  ---------------

Threads class SMR info:
_java_thread_list=0x00007ff9a3a7a858, length=0, elements={
}

Java Threads: ( => current thread )

Other Threads:
  0x000001d4ee9d8ac0 GCTaskThread "GC Thread#0" [stack: 0x000000b551d00000,0x000000b551e00000] [id=8396]
  0x000001d4ee9eb300 ConcurrentGCThread "G1 Main Marker" [stack: 0x000000b551e00000,0x000000b551f00000] [id=10220]
  0x000001d4ee9ebc20 ConcurrentGCThread "G1 Conc#0" [stack: 0x000000b551f00000,0x000000b552000000] [id=5444]

[error occurred during error reporting (printing all threads), id 0xc0000005, EXCEPTION_ACCESS_VIOLATION (0xc0000005) at pc=0x00007ff9a32c8dd7]

VM state: not at safepoint (not fully initialized)

VM Mutex/Monitor currently owned by a thread:  ([mutex/lock_event])
[0x000001d4ee969480] Heap_lock - owner thread: 0x000001d4ee96d2e0

Heap address: 0x0000000701c00000, size: 4068 MB, Compressed Oops mode: Zero based, Oop shift amount: 3

CDS archive(s) mapped at: [0x0000000000000000-0x0000000000000000-0x0000000000000000), size 0, SharedBaseAddress: 0x0000000800000000, ArchiveRelocationMode: 0.
Narrow klass base: 0x0000000000000000, Narrow klass shift: 0, Narrow klass range: 0x0

GC Precious Log:
<Empty>

Heap:
 garbage-first heap   total 0K, used 0K [0x0000000701c00000, 0x0000000800000000)
  region size 2048K, 0 young (0K), 0 survivors (0K)

[error occurred during error reporting (printing heap information), id 0xc0000005, EXCEPTION_ACCESS_VIOLATION (0xc0000005) at pc=0x00007ff9a36ab869]

GC Heap History (0 events):
No events

Deoptimization events (0 events):
No events

Classes unloaded (0 events):
No events

Classes redefined (0 events):
No events

Internal exceptions (0 events):
No events

VM Operations (0 events):
No events

Events (1 events):
Event: 0.006 Loaded shared library C:\Program Files\Java\jdk-17.0.4.1\bin\java.dll


Dynamic libraries:
0x00007ff68af00000 - 0x00007ff68af10000 	C:\Program Files\Java\jdk-17.0.4.1\bin\javaw.exe
0x00007ff9d9ef0000 - 0x00007ff9da0e8000 	C:\Windows\SYSTEM32\ntdll.dll
0x00007ff9d92e0000 - 0x00007ff9d939f000 	C:\Windows\System32\KERNEL32.DLL
0x00007ff9d7800000 - 0x00007ff9d7af6000 	C:\Windows\System32\KERNELBASE.dll
0x00007ff9d7d60000 - 0x00007ff9d7e60000 	C:\Windows\System32\ucrtbase.dll
0x00007ff9c82a0000 - 0x00007ff9c82b8000 	C:\Program Files\Java\jdk-17.0.4.1\bin\jli.dll
0x00007ff9c8280000 - 0x00007ff9c829a000 	C:\Program Files\Java\jdk-17.0.4.1\bin\VCRUNTIME140.dll
0x00007ff9d9980000 - 0x00007ff9d9a2f000 	C:\Windows\System32\ADVAPI32.dll
0x00007ff9d93a0000 - 0x00007ff9d943e000 	C:\Windows\System32\msvcrt.dll
0x00007ff9d8af0000 - 0x00007ff9d8b8c000 	C:\Windows\System32\sechost.dll
0x00007ff9d8100000 - 0x00007ff9d8226000 	C:\Windows\System32\RPCRT4.dll
0x00007ff9d9ad0000 - 0x00007ff9d9c6d000 	C:\Windows\System32\USER32.dll
0x00007ff9caa50000 - 0x00007ff9cacea000 	C:\Windows\WinSxS\amd64_microsoft.windows.common-controls_6595b64144ccf1df_6.0.19041.1110_none_60b5254171f9507e\COMCTL32.dll
0x00007ff9d77d0000 - 0x00007ff9d77f2000 	C:\Windows\System32\win32u.dll
0x00007ff9d9a30000 - 0x00007ff9d9a5c000 	C:\Windows\System32\GDI32.dll
0x00007ff9d7b00000 - 0x00007ff9d7c15000 	C:\Windows\System32\gdi32full.dll
0x00007ff9d2860000 - 0x00007ff9d286a000 	C:\Windows\SYSTEM32\VERSION.dll
0x00007ff9d7e60000 - 0x00007ff9d7efd000 	C:\Windows\System32\msvcp_win.dll
0x00007ff9d7fb0000 - 0x00007ff9d7fe0000 	C:\Windows\System32\IMM32.DLL
0x00007ff9d4c40000 - 0x00007ff9d4c4c000 	C:\Program Files\Java\jdk-17.0.4.1\bin\vcruntime140_1.dll
0x00007ff98cdd0000 - 0x00007ff98ce5d000 	C:\Program Files\Java\jdk-17.0.4.1\bin\msvcp140.dll
0x00007ff9a2fe0000 - 0x00007ff9a3ba2000 	C:\Program Files\Java\jdk-17.0.4.1\bin\server\jvm.dll
0x00007ff9d9ea0000 - 0x00007ff9d9ea8000 	C:\Windows\System32\PSAPI.DLL
0x00007ff9d4c60000 - 0x00007ff9d4c69000 	C:\Windows\SYSTEM32\WSOCK32.dll
0x00007ff9d9a60000 - 0x00007ff9d9acb000 	C:\Windows\System32\WS2_32.dll
0x00007ff9c6cb0000 - 0x00007ff9c6cd7000 	C:\Windows\SYSTEM32\WINMM.dll
0x00007ff9d5420000 - 0x00007ff9d5432000 	C:\Windows\SYSTEM32\kernel.appcore.dll
0x00007ff9d4c50000 - 0x00007ff9d4c5a000 	C:\Program Files\Java\jdk-17.0.4.1\bin\jimage.dll
0x00007ff9c6cf0000 - 0x00007ff9c6ed4000 	C:\Windows\SYSTEM32\DBGHELP.DLL
0x00007ff9c6c40000 - 0x00007ff9c6c74000 	C:\Windows\SYSTEM32\dbgcore.DLL
0x00007ff9d7c20000 - 0x00007ff9d7ca2000 	C:\Windows\System32\bcryptPrimitives.dll
0x00007ff9d2930000 - 0x00007ff9d2955000 	C:\Program Files\Java\jdk-17.0.4.1\bin\java.dll

dbghelp: loaded successfully - version: 4.0.5 - missing functions: none
symbol engine: initialized successfully - sym options: 0x614 - pdb path: .;C:\Program Files\Java\jdk-17.0.4.1\bin;C:\Windows\SYSTEM32;C:\Windows\WinSxS\amd64_microsoft.windows.common-controls_6595b64144ccf1df_6.0.19041.1110_none_60b5254171f9507e;C:\Program Files\Java\jdk-17.0.4.1\bin\server

VM Arguments:
jvm_args: -Dfile.encoding=UTF-8 -XX:+ShowCodeDetailsInExceptionMessages 
java_command: vista.MenuJugador
java_class_path (initial): C:\Users\in1dm3\Desktop\RetoDavid\Erronka4T3\Reto4\target\classes;C:\Users\in1dm3\.p2\pool\plugins\junit-jupiter-api_5.9.0.jar;C:\Users\in1dm3\.p2\pool\plugins\junit-jupiter-engine_5.9.0.jar;C:\Users\in1dm3\.p2\pool\plugins\junit-jupiter-migrationsupport_5.9.0.jar;C:\Users\in1dm3\.p2\pool\plugins\junit-jupiter-params_5.9.0.jar;C:\Users\in1dm3\.p2\pool\plugins\junit-platform-commons_1.9.0.jar;C:\Users\in1dm3\.p2\pool\plugins\junit-platform-engine_1.9.0.jar;C:\Users\in1dm3\.p2\pool\plugins\junit-platform-launcher_1.9.0.jar;C:\Users\in1dm3\.p2\pool\plugins\junit-platform-runner_1.9.0.jar;C:\Users\in1dm3\.p2\pool\plugins\junit-platform-suite-api_1.9.0.jar;C:\Users\in1dm3\.p2\pool\plugins\junit-platform-suite-engine_1.9.0.jar;C:\Users\in1dm3\.p2\pool\plugins\junit-platform-suite-commons_1.9.0.jar;C:\Users\in1dm3\.p2\pool\plugins\junit-vintage-engine_5.9.0.jar;C:\Users\in1dm3\.p2\pool\plugins\org.opentest4j_1.2.0.jar;C:\Users\in1dm3\.p2\pool\plugins\org.apiguardian.api_1.1.2.jar;C:\Users\in1dm3\.p2\pool\plugins\org.junit_4.13.2.v20211018-1956.jar;C:\Users\in1dm3\.p2\pool\plugins\org.hamcrest.core_1.3.0.v20180420-1519.jar;C:\Users\in1dm3\Desktop\RetoDavid\Erronka4T3\Reto4\jgoodies-forms-1.8.0.jar;C:\Users\in1dm3\Desktop\RetoDavid\Erronka4T3\Reto4\miglayout15-swing.jar;C:\Users\in1dm3\.m2\repository\com\mysql\mysql-connector-j\8.0.32\mysql-connector-j-8.0.32.jar;C:\Users\in1dm3\.m2\repository\com\google\protobuf\protobuf-java\3.21.9\protobuf-java-3.21.9.jar;C:\Users\in1dm3\.m2\repository\org\jdatepicker\jdatepicker\1.3.4\jdatepicker-1.3.4.jar
Launcher Type: SUN_STANDARD

[Global flags]
     intx CICompilerCount                          = 3                                         {product} {ergonomic}
     uint ConcGCThreads                            = 2                                         {product} {ergonomic}
     uint G1ConcRefinementThreads                  = 6                                         {product} {ergonomic}
   size_t G1HeapRegionSize                         = 2097152                                   {product} {ergonomic}
    uintx GCDrainStackTargetSize                   = 64                                        {product} {ergonomic}
   size_t InitialHeapSize                          = 268435456                                 {product} {ergonomic}
   size_t MarkStackSize                            = 4194304                                   {product} {ergonomic}
   size_t MaxHeapSize                              = 4265607168                                {product} {ergonomic}
   size_t MinHeapDeltaBytes                        = 2097152                                   {product} {ergonomic}
   size_t MinHeapSize                              = 8388608                                   {product} {ergonomic}
    uintx NonNMethodCodeHeapSize                   = 5832780                                {pd product} {ergonomic}
    uintx NonProfiledCodeHeapSize                  = 122912730                              {pd product} {ergonomic}
    uintx ProfiledCodeHeapSize                     = 122912730                              {pd product} {ergonomic}
    uintx ReservedCodeCacheSize                    = 251658240                              {pd product} {ergonomic}
     bool SegmentedCodeCache                       = true                                      {product} {ergonomic}
     bool ShowCodeDetailsInExceptionMessages       = true                                   {manageable} {command line}
   size_t SoftMaxHeapSize                          = 4265607168                             {manageable} {ergonomic}
     bool UseCompressedClassPointers               = true                           {product lp64_product} {ergonomic}
     bool UseCompressedOops                        = true                           {product lp64_product} {ergonomic}
     bool UseG1GC                                  = true                                      {product} {ergonomic}
     bool UseLargePagesIndividualAllocation        = false                                  {pd product} {ergonomic}

Logging:
Log output configuration:
 #0: stdout all=warning uptime,level,tags
 #1: stderr all=off uptime,level,tags

Environment Variables:
PATH=C:/Program Files/Java/jdk-17.0.4.1/bin/server;C:/Program Files/Java/jdk-17.0.4.1/bin;C:\Program Files\Common Files\Oracle\Java\javapath;C:\Windows\system32;C:\Windows;C:\Windows\System32\Wbem;C:\Windows\System32\WindowsPowerShell\v1.0\;C:\Windows\System32\OpenSSH\;C:\Users\in1dm3\AppData\Local\Microsoft\WindowsApps;C:\Users\in1dm3\AppData\Local\Programs\Git\cmd;C:\Users\in1dm3\Desktop;
USERNAME=in1dm3
OS=Windows_NT
PROCESSOR_IDENTIFIER=Intel64 Family 6 Model 158 Stepping 10, GenuineIntel



---------------  S Y S T E M  ---------------

OS:
 Windows 10 , 64 bit Build 19041 (10.0.19041.2913)
OS uptime: 4 days 2:53 hours

CPU: total 6 (initial active 6) (6 cores per cpu, 1 threads per core) family 6 model 158 stepping 10 microcode 0xb4, cx8, cmov, fxsr, mmx, 3dnowpref, sse, sse2, sse3, ssse3, sse4.1, sse4.2, popcnt, lzcnt, tsc, tscinvbit, avx, avx2, aes, erms, clmul, bmi1, bmi2, adx, fma, vzeroupper, clflush, clflushopt

Memory: 4k page, system-wide physical 16268M (6567M free)
TotalPageFile size 16268M (AvailPageFile size 115M)
current process WorkingSet (physical memory assigned to process): 10M, peak: 10M
current process commit charge ("private bytes"): 56M, peak: 312M

vm_info: Java HotSpot(TM) 64-Bit Server VM (17.0.4.1+1-LTS-2) for windows-amd64 JRE (17.0.4.1+1-LTS-2), built on Aug 16 2022 18:32:06 by "mach5one" with MS VC++ 16.8 / 16.9 (VS2019)

END.
